<?xml version="1.0" encoding="UTF-8"?>
<!-- Generated by org.testng.reporters.JUnitReportReporter -->
<testsuite skipped="0" hostname="DESKTOP-M8M2LU8" name="TestCasesRepository.LoginTest" tests="3" failures="0" timestamp="2020-07-31T19:51:31 EET" time="4.179" errors="0">
  <testcase name="loginWithInvalidData" time="1.232" classname="TestCasesRepository.LoginTest"/>
  <system-out/>
  <testcase name="VerifyLoginPanel" time="0.042" classname="TestCasesRepository.LoginTest"/>
  <system-out/>
  <testcase name="loginWithValidData" time="2.905" classname="TestCasesRepository.LoginTest"/>
  <system-out/>
</testsuite> <!-- TestCasesRepository.LoginTest -->
