<?xml version="1.0" encoding="UTF-8"?>
<!-- Generated by org.testng.reporters.JUnitReportReporter -->
<testsuite skipped="0" hostname="DESKTOP-M8M2LU8" name="OHRMElements.OrangeHRM.LoginTest" tests="1" failures="0" timestamp="2020-07-31T15:28:58 EET" time="0.010" errors="0">
  <testcase name="login" time="0.010" classname="OHRMElements.OrangeHRM.LoginTest"/>
  <system-out/>
</testsuite> <!-- OHRMElements.OrangeHRM.LoginTest -->
